<?xml version="1.0" encoding="UTF-8"?>
<testsuite name="agh.ics.oop.IntegrationTests" tests="2" skipped="0" failures="0" errors="0" timestamp="2022-12-11T12:43:55" hostname="DESKTOP-TIKFRMS" time="0.019">
  <properties/>
  <testcase name="testAnimalsCollisions()" classname="agh.ics.oop.IntegrationTests" time="0.018"/>
  <testcase name="testNoMoves()" classname="agh.ics.oop.IntegrationTests" time="0.0"/>
  <system-out><![CDATA[]]></system-out>
  <system-err><![CDATA[]]></system-err>
</testsuite>
