<?xml version="1.0" encoding="UTF-8"?>
<testsuite name="agh.ics.oop.RectangularMapTest" tests="1" skipped="0" failures="0" errors="0" timestamp="2022-11-21T17:13:11" hostname="DESKTOP-TIKFRMS" time="0.016">
  <properties/>
  <testcase name="testObjectAt()" classname="agh.ics.oop.RectangularMapTest" time="0.016"/>
  <system-out><![CDATA[]]></system-out>
  <system-err><![CDATA[]]></system-err>
</testsuite>
