<?xml version="1.0" encoding="UTF-8"?>
<testsuite name="agh.ics.oop.GrassFieldTest" tests="1" skipped="0" failures="0" errors="0" timestamp="2022-12-11T00:52:16" hostname="DESKTOP-TIKFRMS" time="0.018">
  <properties/>
  <testcase name="testPLaceAnimal()" classname="agh.ics.oop.GrassFieldTest" time="0.018"/>
  <system-out><![CDATA[]]></system-out>
  <system-err><![CDATA[]]></system-err>
</testsuite>
