<?xml version="1.0" encoding="UTF-8"?>
<testsuite name="agh.ics.oop.IntegrationTests" tests="4" skipped="0" failures="0" errors="0" timestamp="2022-11-14T00:41:51" hostname="DESKTOP-TIKFRMS" time="0.02">
  <properties/>
  <testcase name="testAnimalsCollisions()" classname="agh.ics.oop.IntegrationTests" time="0.015"/>
  <testcase name="TestEdge()" classname="agh.ics.oop.IntegrationTests" time="0.0"/>
  <testcase name="testFinalPosition()" classname="agh.ics.oop.IntegrationTests" time="0.002"/>
  <testcase name="testNoMoves()" classname="agh.ics.oop.IntegrationTests" time="0.001"/>
  <system-out><![CDATA[]]></system-out>
  <system-err><![CDATA[]]></system-err>
</testsuite>
