<?xml version="1.0" encoding="UTF-8"?>
<testsuite name="agh.ics.oop.Vector2dTest" tests="1" skipped="0" failures="0" errors="0" timestamp="2022-10-18T22:37:13" hostname="DESKTOP-TIKFRMS" time="0.014">
  <properties/>
  <testcase name="testopposite()" classname="agh.ics.oop.Vector2dTest" time="0.014"/>
  <system-out><![CDATA[]]></system-out>
  <system-err><![CDATA[]]></system-err>
</testsuite>
